HHH10001002: Using Hibernate built-in connection pool (not for production use!)
Added item to cart with id of 2
Added item to cart with id of 3
{"debug_level":"WARN","debug_timestamp":"2017-05-17 10:23:57,570","debug_thread":"main","debug_file":"DriverManagerConnectionProviderImpl.java", "debug_line":"70","debug_message":"HHH10001002: Using Hibernate built-in connection pool (not for production use!)"}
{"debug_level":"DEBUG","debug_timestamp":"2017-05-17 10:24:03,804","debug_thread":"qtp1386194246-20","debug_file":"OrderController.java", "debug_line":"51","debug_message":"Added item to cart with id of 2"}
{"debug_level":"DEBUG","debug_timestamp":"2017-05-17 10:24:04,523","debug_thread":"qtp1386194246-15","debug_file":"OrderController.java", "debug_line":"51","debug_message":"Added item to cart with id of 3"}
{"debug_level":"WARN","debug_timestamp":"2017-05-17 10:43:07,834","debug_thread":"main","debug_file":"DriverManagerConnectionProviderImpl.java", "debug_line":"70","debug_message":"HHH10001002: Using Hibernate built-in connection pool (not for production use!)"}
{"debug_level":"WARN","debug_timestamp":"2017-05-17 11:15:38,142","debug_thread":"main","debug_file":"DriverManagerConnectionProviderImpl.java", "debug_line":"70","debug_message":"HHH10001002: Using Hibernate built-in connection pool (not for production use!)"}
{"debug_level":"DEBUG","debug_timestamp":"2017-05-17 11:16:03,824","debug_thread":"qtp1056246487-19","debug_file":"OrderController.java", "debug_line":"51","debug_message":"Added item to cart with id of 2"}
{"debug_level":"DEBUG","debug_timestamp":"2017-05-17 11:19:13,239","debug_thread":"qtp1056246487-15","debug_file":"OrderController.java", "debug_line":"51","debug_message":"Added item to cart with id of 2"}
{"debug_level":"DEBUG","debug_timestamp":"2017-05-17 11:19:14,066","debug_thread":"qtp1056246487-19","debug_file":"OrderController.java", "debug_line":"51","debug_message":"Added item to cart with id of 3"}
{"debug_level":"DEBUG","debug_timestamp":"2017-05-17 11:19:29,636","debug_thread":"qtp1056246487-16","debug_file":"OrderController.java", "debug_line":"51","debug_message":"Added item to cart with id of 1"}
{"debug_level":"DEBUG","debug_timestamp":"2017-05-17 11:19:30,311","debug_thread":"qtp1056246487-21","debug_file":"OrderController.java", "debug_line":"51","debug_message":"Added item to cart with id of 2"}
{"debug_level":"WARN","debug_timestamp":"2017-05-17 11:27:00,666","debug_thread":"main","debug_file":"DriverManagerConnectionProviderImpl.java", "debug_line":"70","debug_message":"HHH10001002: Using Hibernate built-in connection pool (not for production use!)"}
{"debug_level":"DEBUG","debug_timestamp":"2017-05-17 11:27:08,634","debug_thread":"qtp370459459-26","debug_file":"OrderController.java", "debug_line":"51","debug_message":"Added item to cart with id of 2"}
{"debug_level":"DEBUG","debug_timestamp":"2017-05-17 11:27:09,479","debug_thread":"qtp370459459-19","debug_file":"OrderController.java", "debug_line":"51","debug_message":"Added item to cart with id of 3"}
{"debug_level":"DEBUG","debug_timestamp":"2017-05-17 11:27:16,511","debug_thread":"qtp370459459-15","debug_file":"OrderController.java", "debug_line":"51","debug_message":"Added item to cart with id of 1"}
{"debug_level":"DEBUG","debug_timestamp":"2017-05-17 11:27:18,493","debug_thread":"qtp370459459-15","debug_file":"OrderController.java", "debug_line":"51","debug_message":"Added item to cart with id of 2"}
{"debug_level":"WARN","debug_timestamp":"2017-05-17 11:29:00,638","debug_thread":"main","debug_file":"DriverManagerConnectionProviderImpl.java", "debug_line":"70","debug_message":"HHH10001002: Using Hibernate built-in connection pool (not for production use!)"}
{"debug_level":"DEBUG","debug_timestamp":"2017-05-17 11:29:10,420","debug_thread":"qtp1285063197-22","debug_file":"OrderController.java", "debug_line":"51","debug_message":"Added item to cart with id of 2"}
{"debug_level":"DEBUG","debug_timestamp":"2017-05-17 11:29:11,007","debug_thread":"qtp1285063197-16","debug_file":"OrderController.java", "debug_line":"51","debug_message":"Added item to cart with id of 3"}
{"debug_level":"WARN","debug_timestamp":"2017-05-17 11:30:30,208","debug_thread":"main","debug_file":"DriverManagerConnectionProviderImpl.java", "debug_line":"70","debug_message":"HHH10001002: Using Hibernate built-in connection pool (not for production use!)"}
{"debug_level":"WARN","debug_timestamp":"2017-05-17 11:43:58,007","debug_thread":"main","debug_file":"DriverManagerConnectionProviderImpl.java", "debug_line":"70","debug_message":"HHH10001002: Using Hibernate built-in connection pool (not for production use!)"}
{"debug_level":"WARN","debug_timestamp":"2017-05-17 11:45:06,888","debug_thread":"main","debug_file":"DriverManagerConnectionProviderImpl.java", "debug_line":"70","debug_message":"HHH10001002: Using Hibernate built-in connection pool (not for production use!)"}
{"debug_level":"WARN","debug_timestamp":"2017-05-17 11:46:03,337","debug_thread":"main","debug_file":"DriverManagerConnectionProviderImpl.java", "debug_line":"70","debug_message":"HHH10001002: Using Hibernate built-in connection pool (not for production use!)"}
{"debug_level":"WARN","debug_timestamp":"2017-05-17 11:46:35,805","debug_thread":"main","debug_file":"DriverManagerConnectionProviderImpl.java", "debug_line":"70","debug_message":"HHH10001002: Using Hibernate built-in connection pool (not for production use!)"}
{"debug_level":"WARN","debug_timestamp":"2017-05-17 11:46:52,622","debug_thread":"main","debug_file":"DriverManagerConnectionProviderImpl.java", "debug_line":"70","debug_message":"HHH10001002: Using Hibernate built-in connection pool (not for production use!)"}
{"debug_level":"WARN","debug_timestamp":"2017-05-17 12:44:40,058","debug_thread":"main","debug_file":"DriverManagerConnectionProviderImpl.java", "debug_line":"70","debug_message":"HHH10001002: Using Hibernate built-in connection pool (not for production use!)"}
{"debug_level":"DEBUG","debug_timestamp":"2017-05-17 12:50:53,715","debug_thread":"qtp693539897-22","debug_file":"OrderController.java", "debug_line":"51","debug_message":"Added item to cart with id of 2"}
{"debug_level":"DEBUG","debug_timestamp":"2017-05-17 12:51:02,476","debug_thread":"qtp693539897-26","debug_file":"ProductController.java", "debug_line":"133","debug_message":"Deleted item from cart with id of 2"}
{"debug_level":"INFO","debug_timestamp":"2017-05-17 12:51:02,477","debug_thread":"qtp693539897-26","debug_file":"ProductController.java", "debug_line":"134","debug_message":"hali"}
{"debug_level":"DEBUG","debug_timestamp":"2017-05-17 12:51:04,769","debug_thread":"qtp693539897-25","debug_file":"OrderController.java", "debug_line":"51","debug_message":"Added item to cart with id of 1"}
{"debug_level":"WARN","debug_timestamp":"2017-05-17 12:53:13,315","debug_thread":"main","debug_file":"DriverManagerConnectionProviderImpl.java", "debug_line":"70","debug_message":"HHH10001002: Using Hibernate built-in connection pool (not for production use!)"}
{"debug_level":"WARN","debug_timestamp":"2017-05-17 12:53:59,113","debug_thread":"main","debug_file":"DriverManagerConnectionProviderImpl.java", "debug_line":"70","debug_message":"HHH10001002: Using Hibernate built-in connection pool (not for production use!)"}
{"debug_level":"WARN","debug_timestamp":"2017-05-17 13:10:54,632","debug_thread":"main","debug_file":"DriverManagerConnectionProviderImpl.java", "debug_line":"70","debug_message":"HHH10001002: Using Hibernate built-in connection pool (not for production use!)"}
{"debug_level":"WARN","debug_timestamp":"2017-05-17 13:11:31,747","debug_thread":"main","debug_file":"DriverManagerConnectionProviderImpl.java", "debug_line":"70","debug_message":"HHH10001002: Using Hibernate built-in connection pool (not for production use!)"}
{"debug_level":"WARN","debug_timestamp":"2017-05-17 13:36:36,709","debug_thread":"main","debug_file":"DriverManagerConnectionProviderImpl.java", "debug_line":"70","debug_message":"HHH10001002: Using Hibernate built-in connection pool (not for production use!)"}
{"debug_level":"WARN","debug_timestamp":"2017-05-17 13:37:09,348","debug_thread":"main","debug_file":"DriverManagerConnectionProviderImpl.java", "debug_line":"70","debug_message":"HHH10001002: Using Hibernate built-in connection pool (not for production use!)"}
{"debug_level":"WARN","debug_timestamp":"2017-05-17 13:37:29,269","debug_thread":"main","debug_file":"DriverManagerConnectionProviderImpl.java", "debug_line":"70","debug_message":"HHH10001002: Using Hibernate built-in connection pool (not for production use!)"}
